<?xml version="1.0" encoding="UTF-8"?>
<testsuite xmlns:xsi="http://www.w3.org/2001/XMLSchema-instance" xsi:noNamespaceSchemaLocation="https://maven.apache.org/surefire/maven-failsafe-plugin/xsd/failsafe-test-report-3.0.xsd" version="3.0" name="com.nttdata.ct.runners.RunnerTest" time="38.964" tests="2" errors="0" skipped="0" failures="0">
  <properties>
[...]
</properties>
  <testcase name="Inicio de sesión exitoso" classname="Login en la aplicación mobile de Saucedemo" time="21.018">
    <system-out><![CDATA[18:25:15.508 [main] DEBUG io.cucumber.core.plugin.SerenityReporter - Running feature from file:///Users/calcantv/Downloads/qs-lab-mobile-screenplay/src/test/resources/features/login.feature
18:25:15.539 [main] INFO  - 

-------------------------------------------------------------------------------------
     _______. _______ .______       _______ .__   __.  __  .___________.____    ____ 
    /       ||   ____||   _  \     |   ____||  \ |  | |  | |           |\   \  /   / 
   |   (----`|  |__   |  |_)  |    |  |__   |   \|  | |  | `---|  |----` \   \/   /  
    \   \    |   __|  |      /     |   __|  |  . `  | |  |     |  |       \_    _/   
.----)   |   |  |____ |  |\  \----.|  |____ |  |\   | |  |     |  |         |  |     
|_______/    |_______|| _| `._____||_______||__| \__| |__|     |__|         |__|    
                                                                                     
 News and tutorials at https://serenity-bdd.info                                     
 Documentation at https://serenity-bdd.github.io                                     
 Test Automation Training and Coaching: https://www.serenity-dojo.com                
 Commercial Support: https://www.serenity-dojo.com/serenity-bdd-enterprise-support   
 Join the Serenity Community on Gitter: https://gitter.im/serenity-bdd/serenity-core 
-------------------------------------------------------------------------------------

18:25:15.543 [main] DEBUG net.thucydides.core.steps.StepEventBus - Test suite started for story net.thucydides.model.domain.Story@c4bded20
18:25:15.545 [main] INFO  - Test Suite Started: Login en la aplicación mobile de Saucedemo
18:25:15.586 [main] DEBUG io.cucumber.core.plugin.SerenityReporter - Running feature from file:///Users/calcantv/Downloads/qs-lab-mobile-screenplay/src/test/resources/features/login.feature
18:25:15.587 [main] DEBUG net.thucydides.core.steps.StepEventBus - Test suite started for story net.thucydides.model.domain.Story@c4bded20
18:25:15.588 [main] INFO  - Test Suite Started: Login en la aplicación mobile de Saucedemo
18:25:15.631 [main] DEBUG io.cucumber.core.plugin.SerenityReporter - Running feature from file:///Users/calcantv/Downloads/qs-lab-mobile-screenplay/src/test/resources/features/login.feature
18:25:15.685 [main] INFO  - 
  _____   ___   ___   _____     ___   _____     _     ___   _____   ___   ___  
 |_   _| | __| / __| |_   _|   / __| |_   _|   /_\   | _ \ |_   _| | __| |   \ 
   | |   | _|  \__ \   | |     \__ \   | |    / _ \  |   /   | |   | _|  | |) |
   |_|   |___| |___/   |_|     |___/   |_|   /_/ \_\ |_|_\   |_|   |___| |___/ 

Inicio de sesión exitoso(login-en-la-aplicación-mobile-de-saucedemo;inicio-de-sesión-exitoso)
--------------------------------------------------------------------------------
18:25:26.078 [main] DEBUG net.serenitybdd.core.photography.Darkroom - Opening darkroom
18:25:26.084 [Darkroom Processing Line] DEBUG net.serenitybdd.core.photography.DarkroomProcessingLine - Darkroom processing line starting up
18:25:27.752 [main] DEBUG net.serenitybdd.core.photography.Darkroom - Send negative for processing for /Users/calcantv/Downloads/qs-lab-mobile-screenplay/target/site/serenity/8e4b3d079eb784e424889df9337930cb9728b013876d83b7469507681863488e.png
18:25:27.753 [Darkroom Processing Line] DEBUG net.serenitybdd.core.photography.DarkroomProcessingLine - Processing screenshot image in /var/screenshots/screenshot-8500519264475457809
18:25:27.753 [Darkroom Processing Line] DEBUG net.serenitybdd.core.photography.DarkroomProcessingLine - Saving screenshot to /Users/calcantv/Downloads/qs-lab-mobile-screenplay/target/site/serenity/8e4b3d079eb784e424889df9337930cb9728b013876d83b7469507681863488e.png
18:25:29.295 [main] DEBUG net.serenitybdd.core.photography.Darkroom - Send negative for processing for /Users/calcantv/Downloads/qs-lab-mobile-screenplay/target/site/serenity/c84cdd388174a14cde9f79a211353fd00eb96cd839df291763a95aac523f121e.png
18:25:29.296 [Darkroom Processing Line] DEBUG net.serenitybdd.core.photography.DarkroomProcessingLine - Processing screenshot image in /var/screenshots/screenshot-10347741162402088552
18:25:29.296 [Darkroom Processing Line] DEBUG net.serenitybdd.core.photography.DarkroomProcessingLine - Saving screenshot to /Users/calcantv/Downloads/qs-lab-mobile-screenplay/target/site/serenity/c84cdd388174a14cde9f79a211353fd00eb96cd839df291763a95aac523f121e.png
18:25:29.355 [main] DEBUG net.thucydides.core.steps.StepInterceptor - STARTING STEP: StepInterceptor.testContext - {0} realiza el login en la aplicación
18:25:30.149 [main] DEBUG net.serenitybdd.core.photography.Darkroom - Send negative for processing for /Users/calcantv/Downloads/qs-lab-mobile-screenplay/target/site/serenity/47248cfa82b68e3de20784e9badfc8309fb3937f0efc3f1cc5cd13536b1ed8a6.png
18:25:30.150 [Darkroom Processing Line] DEBUG net.serenitybdd.core.photography.DarkroomProcessingLine - Processing screenshot image in /var/screenshots/screenshot-9293502855341916005
18:25:30.150 [Darkroom Processing Line] DEBUG net.serenitybdd.core.photography.DarkroomProcessingLine - Saving screenshot to /Users/calcantv/Downloads/qs-lab-mobile-screenplay/target/site/serenity/47248cfa82b68e3de20784e9badfc8309fb3937f0efc3f1cc5cd13536b1ed8a6.png
18:25:30.150 [main] DEBUG net.thucydides.core.steps.StepInterceptor - STARTING STEP: StepInterceptor.testContext - {0} enters #theTextAsAString into #target
18:25:30.202 [main] DEBUG net.serenitybdd.screenplay.targets.IFrameSwitcher - default content already selected for Campo usuario
18:25:32.038 [main] DEBUG net.serenitybdd.core.photography.Darkroom - Send negative for processing for /Users/calcantv/Downloads/qs-lab-mobile-screenplay/target/site/serenity/9d5a182c72301d717268536bae1a155ac4d9cef998532ddab4b632b23fca3464.png
18:25:32.040 [Darkroom Processing Line] DEBUG net.serenitybdd.core.photography.DarkroomProcessingLine - Processing screenshot image in /var/screenshots/screenshot-5819577873454983930
18:25:32.041 [Darkroom Processing Line] DEBUG net.serenitybdd.core.photography.DarkroomProcessingLine - Saving screenshot to /Users/calcantv/Downloads/qs-lab-mobile-screenplay/target/site/serenity/9d5a182c72301d717268536bae1a155ac4d9cef998532ddab4b632b23fca3464.png
18:25:32.041 [main] DEBUG net.thucydides.core.steps.StepInterceptor - STEP DONE: {0} enters #theTextAsAString into #target
18:25:32.048 [main] DEBUG net.thucydides.core.steps.StepInterceptor - STARTING STEP: StepInterceptor.testContext - {0} enters #theTextAsAString into #target
18:25:32.056 [main] DEBUG net.serenitybdd.screenplay.targets.IFrameSwitcher - default content already selected for Campo contraseña
18:25:32.979 [main] DEBUG net.serenitybdd.core.photography.Darkroom - Send negative for processing for /Users/calcantv/Downloads/qs-lab-mobile-screenplay/target/site/serenity/402a16ae51e670274d5138d5efcaf48f51499520dc33fe06126b5784d6d679b5.png
18:25:32.979 [Darkroom Processing Line] DEBUG net.serenitybdd.core.photography.DarkroomProcessingLine - Processing screenshot image in /var/screenshots/screenshot-17635057473573257058
18:25:32.979 [Darkroom Processing Line] DEBUG net.serenitybdd.core.photography.DarkroomProcessingLine - Saving screenshot to /Users/calcantv/Downloads/qs-lab-mobile-screenplay/target/site/serenity/402a16ae51e670274d5138d5efcaf48f51499520dc33fe06126b5784d6d679b5.png
18:25:32.980 [main] DEBUG net.thucydides.core.steps.StepInterceptor - STEP DONE: {0} enters #theTextAsAString into #target
18:25:32.983 [main] DEBUG net.thucydides.core.steps.StepInterceptor - STARTING STEP: StepInterceptor.testContext - {0} clicks on #target
18:25:32.987 [main] DEBUG net.serenitybdd.screenplay.targets.IFrameSwitcher - default content already selected for Botón login
18:25:33.655 [main] DEBUG net.serenitybdd.core.photography.Darkroom - Send negative for processing for /Users/calcantv/Downloads/qs-lab-mobile-screenplay/target/site/serenity/402a16ae51e670274d5138d5efcaf48f51499520dc33fe06126b5784d6d679b5.png
18:25:33.656 [main] DEBUG net.thucydides.core.steps.StepInterceptor - STEP DONE: {0} clicks on #target
18:25:33.660 [main] DEBUG net.thucydides.core.steps.StepInterceptor - STEP DONE: {0} realiza el login en la aplicación
18:25:34.834 [main] DEBUG net.serenitybdd.core.photography.Darkroom - Send negative for processing for /Users/calcantv/Downloads/qs-lab-mobile-screenplay/target/site/serenity/513930a6770259a9678fd569bdcba3a5246d9d846ff5cb27081e80228a33f534.png
18:25:34.837 [Darkroom Processing Line] DEBUG net.serenitybdd.core.photography.DarkroomProcessingLine - Processing screenshot image in /var/screenshots/screenshot-9081697071912163904
18:25:34.837 [Darkroom Processing Line] DEBUG net.serenitybdd.core.photography.DarkroomProcessingLine - Saving screenshot to /Users/calcantv/Downloads/qs-lab-mobile-screenplay/target/site/serenity/513930a6770259a9678fd569bdcba3a5246d9d846ff5cb27081e80228a33f534.png
18:25:34.853 [main] DEBUG net.serenitybdd.screenplay.targets.IFrameSwitcher - default content already selected for Título productos
18:25:36.205 [main] DEBUG net.serenitybdd.core.photography.Darkroom - Send negative for processing for /Users/calcantv/Downloads/qs-lab-mobile-screenplay/target/site/serenity/255469e3c2dc3312641cd79e15686ae726baa0e4b6e0bde532a5e2b19353398c.png
18:25:36.205 [Darkroom Processing Line] DEBUG net.serenitybdd.core.photography.DarkroomProcessingLine - Processing screenshot image in /var/screenshots/screenshot-4540197051997171862
18:25:36.205 [Darkroom Processing Line] DEBUG net.serenitybdd.core.photography.DarkroomProcessingLine - Saving screenshot to /Users/calcantv/Downloads/qs-lab-mobile-screenplay/target/site/serenity/255469e3c2dc3312641cd79e15686ae726baa0e4b6e0bde532a5e2b19353398c.png
18:25:36.215 [main] INFO  - 
  _____   ___   ___   _____     ___     _     ___   ___   ___   ___  
 |_   _| | __| / __| |_   _|   | _ \   /_\   / __| / __| | __| |   \ 
   | |   | _|  \__ \   | |     |  _/  / _ \  \__ \ \__ \ | _|  | |) |
   |_|   |___| |___/   |_|     |_|   /_/ \_\ |___/ |___/ |___| |___/ 

Inicio de sesión exitoso
----------------------------------------------------------------------
]]></system-out>
  </testcase>
  <testcase name="Inicio de sesión con usuario bloqueado" classname="Login en la aplicación mobile de Saucedemo" time="17.646">
    <system-out><![CDATA[18:25:36.614 [main] DEBUG io.cucumber.core.plugin.SerenityReporter - Running feature from file:///Users/calcantv/Downloads/qs-lab-mobile-screenplay/src/test/resources/features/login.feature
18:25:36.615 [main] INFO  - 
  _____   ___   ___   _____     ___   _____     _     ___   _____   ___   ___  
 |_   _| | __| / __| |_   _|   / __| |_   _|   /_\   | _ \ |_   _| | __| |   \ 
   | |   | _|  \__ \   | |     \__ \   | |    / _ \  |   /   | |   | _|  | |) |
   |_|   |___| |___/   |_|     |___/   |_|   /_/ \_\ |_|_\   |_|   |___| |___/ 

Inicio de sesión con usuario bloqueado(login-en-la-aplicación-mobile-de-saucedemo;inicio-de-sesión-con-usuario-bloqueado)
--------------------------------------------------------------------------------
18:25:49.341 [main] DEBUG net.serenitybdd.core.photography.Darkroom - Send negative for processing for /Users/calcantv/Downloads/qs-lab-mobile-screenplay/target/site/serenity/289435a2780d6252c440043c6b57937694d92054f6e29b4de44f21e3a076e557.png
18:25:49.348 [Darkroom Processing Line] DEBUG net.serenitybdd.core.photography.DarkroomProcessingLine - Processing screenshot image in /var/screenshots/screenshot-4898190991062561425
18:25:49.348 [Darkroom Processing Line] DEBUG net.serenitybdd.core.photography.DarkroomProcessingLine - Saving screenshot to /Users/calcantv/Downloads/qs-lab-mobile-screenplay/target/site/serenity/289435a2780d6252c440043c6b57937694d92054f6e29b4de44f21e3a076e557.png
18:25:49.360 [main] DEBUG net.thucydides.core.steps.StepInterceptor - STARTING STEP: StepInterceptor.testContext - {0} realiza el login en la aplicación
18:25:49.370 [main] DEBUG net.thucydides.core.steps.StepInterceptor - STARTING STEP: StepInterceptor.testContext - {0} enters #theTextAsAString into #target
18:25:49.378 [main] DEBUG net.serenitybdd.screenplay.targets.IFrameSwitcher - default content already selected for Campo usuario
18:25:51.630 [main] DEBUG net.serenitybdd.core.photography.Darkroom - Send negative for processing for /Users/calcantv/Downloads/qs-lab-mobile-screenplay/target/site/serenity/6d3bc9259fd7047a25c15522edd0fdfe7998b33b559813f088b52b77874daf61.png
18:25:51.630 [Darkroom Processing Line] DEBUG net.serenitybdd.core.photography.DarkroomProcessingLine - Processing screenshot image in /var/screenshots/screenshot-2789043284586037243
18:25:51.630 [Darkroom Processing Line] DEBUG net.serenitybdd.core.photography.DarkroomProcessingLine - Saving screenshot to /Users/calcantv/Downloads/qs-lab-mobile-screenplay/target/site/serenity/6d3bc9259fd7047a25c15522edd0fdfe7998b33b559813f088b52b77874daf61.png
18:25:51.630 [main] DEBUG net.thucydides.core.steps.StepInterceptor - STEP DONE: {0} enters #theTextAsAString into #target
18:25:51.633 [main] DEBUG net.thucydides.core.steps.StepInterceptor - STARTING STEP: StepInterceptor.testContext - {0} enters #theTextAsAString into #target
18:25:51.637 [main] DEBUG net.serenitybdd.screenplay.targets.IFrameSwitcher - default content already selected for Campo contraseña
18:25:52.666 [main] DEBUG net.serenitybdd.core.photography.Darkroom - Send negative for processing for /Users/calcantv/Downloads/qs-lab-mobile-screenplay/target/site/serenity/3971da7546164bffe8d6574c675acbe9bb0999802b15a44cd5554a3614202b33.png
18:25:52.666 [Darkroom Processing Line] DEBUG net.serenitybdd.core.photography.DarkroomProcessingLine - Processing screenshot image in /var/screenshots/screenshot-10612444562253445345
18:25:52.666 [Darkroom Processing Line] DEBUG net.serenitybdd.core.photography.DarkroomProcessingLine - Saving screenshot to /Users/calcantv/Downloads/qs-lab-mobile-screenplay/target/site/serenity/3971da7546164bffe8d6574c675acbe9bb0999802b15a44cd5554a3614202b33.png
18:25:52.666 [main] DEBUG net.thucydides.core.steps.StepInterceptor - STEP DONE: {0} enters #theTextAsAString into #target
18:25:52.672 [main] DEBUG net.thucydides.core.steps.StepInterceptor - STARTING STEP: StepInterceptor.testContext - {0} clicks on #target
18:25:52.676 [main] DEBUG net.serenitybdd.screenplay.targets.IFrameSwitcher - default content already selected for Botón login
18:25:53.531 [main] DEBUG net.serenitybdd.core.photography.Darkroom - Send negative for processing for /Users/calcantv/Downloads/qs-lab-mobile-screenplay/target/site/serenity/564f4842073d8fd3617eab5708fbd2fce847ac1734b57552983e9cd6e724bbfc.png
18:25:53.531 [main] DEBUG net.thucydides.core.steps.StepInterceptor - STEP DONE: {0} clicks on #target
18:25:53.531 [Darkroom Processing Line] DEBUG net.serenitybdd.core.photography.DarkroomProcessingLine - Processing screenshot image in /var/screenshots/screenshot-3156401846803405242
18:25:53.531 [Darkroom Processing Line] DEBUG net.serenitybdd.core.photography.DarkroomProcessingLine - Saving screenshot to /Users/calcantv/Downloads/qs-lab-mobile-screenplay/target/site/serenity/564f4842073d8fd3617eab5708fbd2fce847ac1734b57552983e9cd6e724bbfc.png
18:25:53.533 [main] DEBUG net.thucydides.core.steps.StepInterceptor - STEP DONE: {0} realiza el login en la aplicación
18:25:53.545 [main] DEBUG net.serenitybdd.screenplay.targets.IFrameSwitcher - default content already selected for Mensaje de error
18:25:53.940 [main] DEBUG net.serenitybdd.core.photography.Darkroom - Send negative for processing for /Users/calcantv/Downloads/qs-lab-mobile-screenplay/target/site/serenity/90170028384bdc64b40ad448a3f171d071b8f9d75d200f3c371f46e5dff46bce.png
18:25:53.940 [Darkroom Processing Line] DEBUG net.serenitybdd.core.photography.DarkroomProcessingLine - Processing screenshot image in /var/screenshots/screenshot-17015095813548019596
18:25:53.940 [Darkroom Processing Line] DEBUG net.serenitybdd.core.photography.DarkroomProcessingLine - Saving screenshot to /Users/calcantv/Downloads/qs-lab-mobile-screenplay/target/site/serenity/90170028384bdc64b40ad448a3f171d071b8f9d75d200f3c371f46e5dff46bce.png
18:25:53.942 [main] INFO  - 
  _____   ___   ___   _____     ___     _     ___   ___   ___   ___  
 |_   _| | __| / __| |_   _|   | _ \   /_\   / __| / __| | __| |   \ 
   | |   | _|  \__ \   | |     |  _/  / _ \  \__ \ \__ \ | _|  | |) |
   |_|   |___| |___/   |_|     |_|   /_/ \_\ |___/ |___/ |___| |___/ 

Inicio de sesión con usuario bloqueado
----------------------------------------------------------------------
]]></system-out>
  </testcase>
</testsuite>