<?xml version="1.0" encoding="UTF-8"?>
<testsuite xmlns:xsi="http://www.w3.org/2001/XMLSchema-instance" xsi:noNamespaceSchemaLocation="https://maven.apache.org/surefire/maven-surefire-plugin/xsd/surefire-test-report-3.0.xsd" version="3.0" name="com.nttdata.ct.runners.RunnerTest" time="22.791" tests="2" errors="0" skipped="0" failures="0">
  <properties>
[...]
</properties>
  <testcase name="Inicio de sesión exitoso" classname="Login en la aplicación mobile de Saucedemo" time="11.712">
    <system-out><![CDATA[18:24:51.043 [main] DEBUG io.cucumber.core.plugin.SerenityReporter - Running feature from file:///Users/calcantv/Downloads/qs-lab-mobile-screenplay/src/test/resources/features/login.feature
18:24:51.066 [main] INFO  - 

-------------------------------------------------------------------------------------
     _______. _______ .______       _______ .__   __.  __  .___________.____    ____ 
    /       ||   ____||   _  \     |   ____||  \ |  | |  | |           |\   \  /   / 
   |   (----`|  |__   |  |_)  |    |  |__   |   \|  | |  | `---|  |----` \   \/   /  
    \   \    |   __|  |      /     |   __|  |  . `  | |  |     |  |       \_    _/   
.----)   |   |  |____ |  |\  \----.|  |____ |  |\   | |  |     |  |         |  |     
|_______/    |_______|| _| `._____||_______||__| \__| |__|     |__|         |__|    
                                                                                     
 News and tutorials at https://serenity-bdd.info                                     
 Documentation at https://serenity-bdd.github.io                                     
 Test Automation Training and Coaching: https://www.serenity-dojo.com                
 Commercial Support: https://www.serenity-dojo.com/serenity-bdd-enterprise-support   
 Join the Serenity Community on Gitter: https://gitter.im/serenity-bdd/serenity-core 
-------------------------------------------------------------------------------------

18:24:51.069 [main] DEBUG net.thucydides.core.steps.StepEventBus - Test suite started for story net.thucydides.model.domain.Story@c4bded20
18:24:51.070 [main] INFO  - Test Suite Started: Login en la aplicación mobile de Saucedemo
18:24:51.108 [main] DEBUG io.cucumber.core.plugin.SerenityReporter - Running feature from file:///Users/calcantv/Downloads/qs-lab-mobile-screenplay/src/test/resources/features/login.feature
18:24:51.109 [main] DEBUG net.thucydides.core.steps.StepEventBus - Test suite started for story net.thucydides.model.domain.Story@c4bded20
18:24:51.109 [main] INFO  - Test Suite Started: Login en la aplicación mobile de Saucedemo
18:24:51.157 [main] DEBUG io.cucumber.core.plugin.SerenityReporter - Running feature from file:///Users/calcantv/Downloads/qs-lab-mobile-screenplay/src/test/resources/features/login.feature
18:24:51.208 [main] INFO  - 
  _____   ___   ___   _____     ___   _____     _     ___   _____   ___   ___  
 |_   _| | __| / __| |_   _|   / __| |_   _|   /_\   | _ \ |_   _| | __| |   \ 
   | |   | _|  \__ \   | |     \__ \   | |    / _ \  |   /   | |   | _|  | |) |
   |_|   |___| |___/   |_|     |___/   |_|   /_/ \_\ |_|_\   |_|   |___| |___/ 

Inicio de sesión exitoso(login-en-la-aplicación-mobile-de-saucedemo;inicio-de-sesión-exitoso)
--------------------------------------------------------------------------------
18:24:56.043 [main] DEBUG net.serenitybdd.core.photography.Darkroom - Opening darkroom
18:24:56.059 [Darkroom Processing Line] DEBUG net.serenitybdd.core.photography.DarkroomProcessingLine - Darkroom processing line starting up
18:24:56.406 [main] DEBUG net.serenitybdd.core.photography.Darkroom - Send negative for processing for /Users/calcantv/Downloads/qs-lab-mobile-screenplay/target/site/serenity/fdb91ede2e81695212d899461644be29e9f401b7122f474839842748fbd53c61.png
18:24:56.407 [Darkroom Processing Line] DEBUG net.serenitybdd.core.photography.DarkroomProcessingLine - Processing screenshot image in /var/screenshots/screenshot-3865259014216688300
18:24:56.407 [Darkroom Processing Line] DEBUG net.serenitybdd.core.photography.DarkroomProcessingLine - Saving screenshot to /Users/calcantv/Downloads/qs-lab-mobile-screenplay/target/site/serenity/fdb91ede2e81695212d899461644be29e9f401b7122f474839842748fbd53c61.png
18:24:56.901 [main] DEBUG net.serenitybdd.core.photography.Darkroom - Send negative for processing for /Users/calcantv/Downloads/qs-lab-mobile-screenplay/target/site/serenity/d1ec6dbdda1ed7f7e8274a5926bee0ca6d3bc8b9e31fa77e939f72928599670b.png
18:24:56.901 [Darkroom Processing Line] DEBUG net.serenitybdd.core.photography.DarkroomProcessingLine - Processing screenshot image in /var/screenshots/screenshot-6086319600409498323
18:24:56.901 [Darkroom Processing Line] DEBUG net.serenitybdd.core.photography.DarkroomProcessingLine - Saving screenshot to /Users/calcantv/Downloads/qs-lab-mobile-screenplay/target/site/serenity/d1ec6dbdda1ed7f7e8274a5926bee0ca6d3bc8b9e31fa77e939f72928599670b.png
18:24:56.902 [main] DEBUG net.thucydides.core.steps.StepInterceptor - STARTING STEP: StepInterceptor.testContext - {0} realiza el login en la aplicación
18:24:56.929 [main] DEBUG net.thucydides.core.steps.StepInterceptor - STARTING STEP: StepInterceptor.testContext - {0} enters #theTextAsAString into #target
18:24:56.953 [main] DEBUG net.serenitybdd.screenplay.targets.IFrameSwitcher - default content already selected for Campo usuario
18:24:58.536 [main] DEBUG net.serenitybdd.core.photography.Darkroom - Send negative for processing for /Users/calcantv/Downloads/qs-lab-mobile-screenplay/target/site/serenity/f00f72225b685806b46c29423832770c614badc5408016af77316920aac68d6a.png
18:24:58.536 [Darkroom Processing Line] DEBUG net.serenitybdd.core.photography.DarkroomProcessingLine - Processing screenshot image in /var/screenshots/screenshot-1869603315248265886
18:24:58.536 [Darkroom Processing Line] DEBUG net.serenitybdd.core.photography.DarkroomProcessingLine - Saving screenshot to /Users/calcantv/Downloads/qs-lab-mobile-screenplay/target/site/serenity/f00f72225b685806b46c29423832770c614badc5408016af77316920aac68d6a.png
18:24:58.536 [main] DEBUG net.thucydides.core.steps.StepInterceptor - STEP DONE: {0} enters #theTextAsAString into #target
18:24:58.541 [main] DEBUG net.thucydides.core.steps.StepInterceptor - STARTING STEP: StepInterceptor.testContext - {0} enters #theTextAsAString into #target
18:24:58.545 [main] DEBUG net.serenitybdd.screenplay.targets.IFrameSwitcher - default content already selected for Campo contraseña
18:25:00.019 [main] DEBUG net.serenitybdd.core.photography.Darkroom - Send negative for processing for /Users/calcantv/Downloads/qs-lab-mobile-screenplay/target/site/serenity/09620d655a8567f0332512957ba0e94e053f08fb550fe797be8bdb740306fbd3.png
18:25:00.020 [main] DEBUG net.thucydides.core.steps.StepInterceptor - STEP DONE: {0} enters #theTextAsAString into #target
18:25:00.021 [Darkroom Processing Line] DEBUG net.serenitybdd.core.photography.DarkroomProcessingLine - Processing screenshot image in /var/screenshots/screenshot-13475725981026914796
18:25:00.021 [Darkroom Processing Line] DEBUG net.serenitybdd.core.photography.DarkroomProcessingLine - Saving screenshot to /Users/calcantv/Downloads/qs-lab-mobile-screenplay/target/site/serenity/09620d655a8567f0332512957ba0e94e053f08fb550fe797be8bdb740306fbd3.png
18:25:00.028 [main] DEBUG net.thucydides.core.steps.StepInterceptor - STARTING STEP: StepInterceptor.testContext - {0} clicks on #target
18:25:00.032 [main] DEBUG net.serenitybdd.screenplay.targets.IFrameSwitcher - default content already selected for Botón login
18:25:00.871 [main] DEBUG net.serenitybdd.core.photography.Darkroom - Send negative for processing for /Users/calcantv/Downloads/qs-lab-mobile-screenplay/target/site/serenity/09620d655a8567f0332512957ba0e94e053f08fb550fe797be8bdb740306fbd3.png
18:25:00.875 [main] DEBUG net.thucydides.core.steps.StepInterceptor - STEP DONE: {0} clicks on #target
18:25:00.896 [main] DEBUG net.thucydides.core.steps.StepInterceptor - STEP DONE: {0} realiza el login en la aplicación
18:25:01.653 [main] DEBUG net.serenitybdd.core.photography.Darkroom - Send negative for processing for /Users/calcantv/Downloads/qs-lab-mobile-screenplay/target/site/serenity/5277faa064ca24beecec1e2da5d10cb84fbc5902f3274c322c835cd040bc05a2.png
18:25:01.654 [Darkroom Processing Line] DEBUG net.serenitybdd.core.photography.DarkroomProcessingLine - Processing screenshot image in /var/screenshots/screenshot-4641683460552833978
18:25:01.654 [Darkroom Processing Line] DEBUG net.serenitybdd.core.photography.DarkroomProcessingLine - Saving screenshot to /Users/calcantv/Downloads/qs-lab-mobile-screenplay/target/site/serenity/5277faa064ca24beecec1e2da5d10cb84fbc5902f3274c322c835cd040bc05a2.png
18:25:01.680 [main] DEBUG net.serenitybdd.screenplay.targets.IFrameSwitcher - default content already selected for Título productos
18:25:02.424 [main] DEBUG net.serenitybdd.core.photography.Darkroom - Send negative for processing for /Users/calcantv/Downloads/qs-lab-mobile-screenplay/target/site/serenity/5277faa064ca24beecec1e2da5d10cb84fbc5902f3274c322c835cd040bc05a2.png
18:25:02.430 [main] INFO  - 
  _____   ___   ___   _____     ___     _     ___   ___   ___   ___  
 |_   _| | __| / __| |_   _|   | _ \   /_\   / __| / __| | __| |   \ 
   | |   | _|  \__ \   | |     |  _/  / _ \  \__ \ \__ \ | _|  | |) |
   |_|   |___| |___/   |_|     |_|   /_/ \_\ |___/ |___/ |___| |___/ 

Inicio de sesión exitoso
----------------------------------------------------------------------
]]></system-out>
  </testcase>
  <testcase name="Inicio de sesión con usuario bloqueado" classname="Login en la aplicación mobile de Saucedemo" time="10.849">
    <system-out><![CDATA[18:25:02.830 [main] DEBUG io.cucumber.core.plugin.SerenityReporter - Running feature from file:///Users/calcantv/Downloads/qs-lab-mobile-screenplay/src/test/resources/features/login.feature
18:25:02.831 [main] INFO  - 
  _____   ___   ___   _____     ___   _____     _     ___   _____   ___   ___  
 |_   _| | __| / __| |_   _|   / __| |_   _|   /_\   | _ \ |_   _| | __| |   \ 
   | |   | _|  \__ \   | |     \__ \   | |    / _ \  |   /   | |   | _|  | |) |
   |_|   |___| |___/   |_|     |___/   |_|   /_/ \_\ |_|_\   |_|   |___| |___/ 

Inicio de sesión con usuario bloqueado(login-en-la-aplicación-mobile-de-saucedemo;inicio-de-sesión-con-usuario-bloqueado)
--------------------------------------------------------------------------------
18:25:07.843 [main] DEBUG net.serenitybdd.core.photography.Darkroom - Send negative for processing for /Users/calcantv/Downloads/qs-lab-mobile-screenplay/target/site/serenity/96b0af9053f857bcfa92795de0d8bc94e7f0027f19f1628d0c9eee50446c5187.png
18:25:07.845 [Darkroom Processing Line] DEBUG net.serenitybdd.core.photography.DarkroomProcessingLine - Processing screenshot image in /var/screenshots/screenshot-4103839429066350010
18:25:07.845 [Darkroom Processing Line] DEBUG net.serenitybdd.core.photography.DarkroomProcessingLine - Saving screenshot to /Users/calcantv/Downloads/qs-lab-mobile-screenplay/target/site/serenity/96b0af9053f857bcfa92795de0d8bc94e7f0027f19f1628d0c9eee50446c5187.png
18:25:07.861 [main] DEBUG net.thucydides.core.steps.StepInterceptor - STARTING STEP: StepInterceptor.testContext - {0} realiza el login en la aplicación
18:25:07.865 [main] DEBUG net.thucydides.core.steps.StepInterceptor - STARTING STEP: StepInterceptor.testContext - {0} enters #theTextAsAString into #target
18:25:07.869 [main] DEBUG net.serenitybdd.screenplay.targets.IFrameSwitcher - default content already selected for Campo usuario
18:25:10.212 [main] DEBUG net.serenitybdd.core.photography.Darkroom - Send negative for processing for /Users/calcantv/Downloads/qs-lab-mobile-screenplay/target/site/serenity/bc534fb8809827d84e45da32f299fc3a0475d979c1f0c8a14cb90a85ebe66107.png
18:25:10.213 [Darkroom Processing Line] DEBUG net.serenitybdd.core.photography.DarkroomProcessingLine - Processing screenshot image in /var/screenshots/screenshot-9027773183064982777
18:25:10.213 [Darkroom Processing Line] DEBUG net.serenitybdd.core.photography.DarkroomProcessingLine - Saving screenshot to /Users/calcantv/Downloads/qs-lab-mobile-screenplay/target/site/serenity/bc534fb8809827d84e45da32f299fc3a0475d979c1f0c8a14cb90a85ebe66107.png
18:25:10.214 [main] DEBUG net.thucydides.core.steps.StepInterceptor - STEP DONE: {0} enters #theTextAsAString into #target
18:25:10.229 [main] DEBUG net.thucydides.core.steps.StepInterceptor - STARTING STEP: StepInterceptor.testContext - {0} enters #theTextAsAString into #target
18:25:10.233 [main] DEBUG net.serenitybdd.screenplay.targets.IFrameSwitcher - default content already selected for Campo contraseña
18:25:11.609 [main] DEBUG net.serenitybdd.core.photography.Darkroom - Send negative for processing for /Users/calcantv/Downloads/qs-lab-mobile-screenplay/target/site/serenity/8595ea211b40b37e4d2a8949d8468423e94b7c07e6449fc9ad1fb263b3ffd03b.png
18:25:11.609 [main] DEBUG net.thucydides.core.steps.StepInterceptor - STEP DONE: {0} enters #theTextAsAString into #target
18:25:11.609 [Darkroom Processing Line] DEBUG net.serenitybdd.core.photography.DarkroomProcessingLine - Processing screenshot image in /var/screenshots/screenshot-7617504568620161972
18:25:11.610 [Darkroom Processing Line] DEBUG net.serenitybdd.core.photography.DarkroomProcessingLine - Saving screenshot to /Users/calcantv/Downloads/qs-lab-mobile-screenplay/target/site/serenity/8595ea211b40b37e4d2a8949d8468423e94b7c07e6449fc9ad1fb263b3ffd03b.png
18:25:11.621 [main] DEBUG net.thucydides.core.steps.StepInterceptor - STARTING STEP: StepInterceptor.testContext - {0} clicks on #target
18:25:11.625 [main] DEBUG net.serenitybdd.screenplay.targets.IFrameSwitcher - default content already selected for Botón login
18:25:13.024 [main] DEBUG net.serenitybdd.core.photography.Darkroom - Send negative for processing for /Users/calcantv/Downloads/qs-lab-mobile-screenplay/target/site/serenity/bb4b2d053f7d5f5b17c162a288b971e5ff30e14f39478c030f8093d3c0c58af4.png
18:25:13.024 [Darkroom Processing Line] DEBUG net.serenitybdd.core.photography.DarkroomProcessingLine - Processing screenshot image in /var/screenshots/screenshot-6148728393985995652
18:25:13.024 [main] DEBUG net.thucydides.core.steps.StepInterceptor - STEP DONE: {0} clicks on #target
18:25:13.024 [Darkroom Processing Line] DEBUG net.serenitybdd.core.photography.DarkroomProcessingLine - Saving screenshot to /Users/calcantv/Downloads/qs-lab-mobile-screenplay/target/site/serenity/bb4b2d053f7d5f5b17c162a288b971e5ff30e14f39478c030f8093d3c0c58af4.png
18:25:13.026 [main] DEBUG net.thucydides.core.steps.StepInterceptor - STEP DONE: {0} realiza el login en la aplicación
18:25:13.036 [main] DEBUG net.serenitybdd.screenplay.targets.IFrameSwitcher - default content already selected for Mensaje de error
18:25:13.371 [main] DEBUG net.serenitybdd.core.photography.Darkroom - Send negative for processing for /Users/calcantv/Downloads/qs-lab-mobile-screenplay/target/site/serenity/e9b9e3ac95723d0e5d372fc99506f2b6259fc8c40eaba1f56a6842b90f085c42.png
18:25:13.371 [Darkroom Processing Line] DEBUG net.serenitybdd.core.photography.DarkroomProcessingLine - Processing screenshot image in /var/screenshots/screenshot-8771028701367764423
18:25:13.371 [Darkroom Processing Line] DEBUG net.serenitybdd.core.photography.DarkroomProcessingLine - Saving screenshot to /Users/calcantv/Downloads/qs-lab-mobile-screenplay/target/site/serenity/e9b9e3ac95723d0e5d372fc99506f2b6259fc8c40eaba1f56a6842b90f085c42.png
18:25:13.373 [main] INFO  - 
  _____   ___   ___   _____     ___     _     ___   ___   ___   ___  
 |_   _| | __| / __| |_   _|   | _ \   /_\   / __| / __| | __| |   \ 
   | |   | _|  \__ \   | |     |  _/  / _ \  \__ \ \__ \ | _|  | |) |
   |_|   |___| |___/   |_|     |_|   /_/ \_\ |___/ |___/ |___| |___/ 

Inicio de sesión con usuario bloqueado
----------------------------------------------------------------------
]]></system-out>
  </testcase>
</testsuite>